# JRE version: OpenJDK Runtime Environment Temurin-17.0.12+7 (17.0.12+7) (build 17.0.12+7)
# Java VM: OpenJDK 64-Bit Server VM Temurin-17.0.12+7 (17.0.12+7, mixed mode, tiered, compressed oops, compressed class ptrs, parallel gc, windows-amd64)
GC Precious Log:
 CPUs: 2 total, 2 available
 Memory: 3976M
 Large Page Support: Disabled
 NUMA Support: Disabled
 Compressed Oops: Enabled (32-bit)
 Alignments: Space 512K, Generation 512K, Heap 2M
 Heap Min Capacity: 100M
 Heap Initial Capacity: 100M
 Heap Max Capacity: 1G
 Pre-touch: Disabled
 Parallel Workers: 2
Heap:
 PSYoungGen      total 6144K, used 2099K [0x00000000eab00000, 0x00000000eb300000, 0x0000000100000000)
  eden space 5120K, 21% used [0x00000000eab00000,0x00000000eac0de50,0x00000000eb000000)
  from space 1024K, 99% used [0x00000000eb200000,0x00000000eb2fefc8,0x00000000eb300000)
  to   space 512K, 0% used [0x00000000eb180000,0x00000000eb180000,0x00000000eb200000)
 ParOldGen       total 152576K, used 133213K [0x00000000c0000000, 0x00000000c9500000, 0x00000000eab00000)
  object space 152576K, 87% used [0x00000000c0000000,0x00000000c82175e0,0x00000000c9500000)
 Metaspace       used 99741K, committed 101504K, reserved 1179648K
  class space    used 10058K, committed 10816K, reserved 1048576K
GC Heap History (20 events):
Event: 9583.410 GC heap before
{Heap before GC invocations=2620 (full 59):
 PSYoungGen      total 4096K, used 3636K [0x00000000eab00000, 0x00000000eb000000, 0x0000000100000000)
  eden space 3072K, 100% used [0x00000000eab00000,0x00000000eae00000,0x00000000eae00000)
  from space 1024K, 55% used [0x00000000eaf00000,0x00000000eaf8d200,0x00000000eb000000)
  to   space 1024K, 0% used [0x00000000eae00000,0x00000000eae00000,0x00000000eaf00000)
 ParOldGen       total 152576K, used 129411K [0x00000000c0000000, 0x00000000c9500000, 0x00000000eab00000)
  object space 152576K, 84% used [0x00000000c0000000,0x00000000c7e60fa8,0x00000000c9500000)
 Metaspace       used 99689K, committed 101504K, reserved 1179648K
  class space    used 10057K, committed 10816K, reserved 1048576K
}
Event: 9583.414 GC heap after
{Heap after GC invocations=2620 (full 59):
 PSYoungGen      total 4096K, used 372K [0x00000000eab00000, 0x00000000eaf80000, 0x0000000100000000)
  eden space 3072K, 0% used [0x00000000eab00000,0x00000000eab00000,0x00000000eae00000)
  from space 1024K, 36% used [0x00000000eae00000,0x00000000eae5d200,0x00000000eaf00000)
  to   space 512K, 0% used [0x00000000eaf00000,0x00000000eaf00000,0x00000000eaf80000)
 ParOldGen       total 152576K, used 129419K [0x00000000c0000000, 0x00000000c9500000, 0x00000000eab00000)
  object space 152576K, 84% used [0x00000000c0000000,0x00000000c7e62fa8,0x00000000c9500000)
 Metaspace       used 99689K, committed 101504K, reserved 1179648K
  class space    used 10057K, committed 10816K, reserved 1048576K
}
Event: 9583.423 GC heap before
{Heap before GC invocations=2621 (full 59):
 PSYoungGen      total 4096K, used 3444K [0x00000000eab00000, 0x00000000eaf80000, 0x0000000100000000)
  eden space 3072K, 100% used [0x00000000eab00000,0x00000000eae00000,0x00000000eae00000)
  from space 1024K, 36% used [0x00000000eae00000,0x00000000eae5d200,0x00000000eaf00000)
  to   space 512K, 0% used [0x00000000eaf00000,0x00000000eaf00000,0x00000000eaf80000)
 ParOldGen       total 152576K, used 129419K [0x00000000c0000000, 0x00000000c9500000, 0x00000000eab00000)
  object space 152576K, 84% used [0x00000000c0000000,0x00000000c7e62fa8,0x00000000c9500000)
 Metaspace       used 99689K, committed 101504K, reserved 1179648K
  class space    used 10057K, committed 10816K, reserved 1048576K
}
Event: 9583.432 GC heap after
{Heap after GC invocations=2621 (full 59):
 PSYoungGen      total 4096K, used 288K [0x00000000eab00000, 0x00000000eb000000, 0x0000000100000000)
  eden space 3584K, 0% used [0x00000000eab00000,0x00000000eab00000,0x00000000eae80000)
  from space 512K, 56% used [0x00000000eaf00000,0x00000000eaf48020,0x00000000eaf80000)
  to   space 512K, 0% used [0x00000000eae80000,0x00000000eae80000,0x00000000eaf00000)
 ParOldGen       total 152576K, used 129760K [0x00000000c0000000, 0x00000000c9500000, 0x00000000eab00000)
  object space 152576K, 85% used [0x00000000c0000000,0x00000000c7eb81a8,0x00000000c9500000)
 Metaspace       used 99689K, committed 101504K, reserved 1179648K
  class space    used 10057K, committed 10816K, reserved 1048576K
}
Event: 9583.494 GC heap before
{Heap before GC invocations=2622 (full 59):
 PSYoungGen      total 4096K, used 3872K [0x00000000eab00000, 0x00000000eb000000, 0x0000000100000000)
  eden space 3584K, 100% used [0x00000000eab00000,0x00000000eae80000,0x00000000eae80000)
  from space 512K, 56% used [0x00000000eaf00000,0x00000000eaf48020,0x00000000eaf80000)
  to   space 512K, 0% used [0x00000000eae80000,0x00000000eae80000,0x00000000eaf00000)
 ParOldGen       total 152576K, used 129760K [0x00000000c0000000, 0x00000000c9500000, 0x00000000eab00000)
  object space 152576K, 85% used [0x00000000c0000000,0x00000000c7eb81a8,0x00000000c9500000)
 Metaspace       used 99690K, committed 101504K, reserved 1179648K
  class space    used 10057K, committed 10816K, reserved 1048576K
}
Event: 9583.505 GC heap after
{Heap after GC invocations=2622 (full 59):
 PSYoungGen      total 4096K, used 442K [0x00000000eab00000, 0x00000000eb080000, 0x0000000100000000)
  eden space 3584K, 0% used [0x00000000eab00000,0x00000000eab00000,0x00000000eae80000)
  from space 512K, 86% used [0x00000000eae80000,0x00000000eaeee900,0x00000000eaf00000)
  to   space 512K, 0% used [0x00000000eb000000,0x00000000eb000000,0x00000000eb080000)
 ParOldGen       total 152576K, used 130018K [0x00000000c0000000, 0x00000000c9500000, 0x00000000eab00000)
  object space 152576K, 85% used [0x00000000c0000000,0x00000000c7ef89b0,0x00000000c9500000)
 Metaspace       used 99690K, committed 101504K, reserved 1179648K
  class space    used 10057K, committed 10816K, reserved 1048576K
}
Event: 9583.530 GC heap before
{Heap before GC invocations=2623 (full 59):
 PSYoungGen      total 4096K, used 4018K [0x00000000eab00000, 0x00000000eb080000, 0x0000000100000000)
  eden space 3584K, 99% used [0x00000000eab00000,0x00000000eae7e120,0x00000000eae80000)
  from space 512K, 86% used [0x00000000eae80000,0x00000000eaeee900,0x00000000eaf00000)
  to   space 512K, 0% used [0x00000000eb000000,0x00000000eb000000,0x00000000eb080000)
 ParOldGen       total 152576K, used 130018K [0x00000000c0000000, 0x00000000c9500000, 0x00000000eab00000)
  object space 152576K, 85% used [0x00000000c0000000,0x00000000c7ef89b0,0x00000000c9500000)
 Metaspace       used 99690K, committed 101504K, reserved 1179648K
  class space    used 10057K, committed 10816K, reserved 1048576K
}
Event: 9583.535 GC heap after
{Heap after GC invocations=2623 (full 59):
 PSYoungGen      total 5120K, used 64K [0x00000000eab00000, 0x00000000eb080000, 0x0000000100000000)
  eden space 4608K, 0% used [0x00000000eab00000,0x00000000eab00000,0x00000000eaf80000)
  from space 512K, 12% used [0x00000000eb000000,0x00000000eb010000,0x00000000eb080000)
  to   space 512K, 0% used [0x00000000eaf80000,0x00000000eaf80000,0x00000000eb000000)
 ParOldGen       total 152576K, used 130098K [0x00000000c0000000, 0x00000000c9500000, 0x00000000eab00000)
  object space 152576K, 85% used [0x00000000c0000000,0x00000000c7f0c9b0,0x00000000c9500000)
 Metaspace       used 99690K, committed 101504K, reserved 1179648K
  class space    used 10057K, committed 10816K, reserved 1048576K
}
Event: 9583.631 GC heap before
{Heap before GC invocations=2624 (full 59):
 PSYoungGen      total 5120K, used 4671K [0x00000000eab00000, 0x00000000eb080000, 0x0000000100000000)
  eden space 4608K, 99% used [0x00000000eab00000,0x00000000eaf7ffe8,0x00000000eaf80000)
  from space 512K, 12% used [0x00000000eb000000,0x00000000eb010000,0x00000000eb080000)
  to   space 512K, 0% used [0x00000000eaf80000,0x00000000eaf80000,0x00000000eb000000)
 ParOldGen       total 152576K, used 130098K [0x00000000c0000000, 0x00000000c9500000, 0x00000000eab00000)
  object space 152576K, 85% used [0x00000000c0000000,0x00000000c7f0c9b0,0x00000000c9500000)
 Metaspace       used 99698K, committed 101504K, reserved 1179648K
  class space    used 10057K, committed 10816K, reserved 1048576K
}
Event: 9583.641 GC heap after
{Heap after GC invocations=2624 (full 59):
 PSYoungGen      total 5120K, used 404K [0x00000000eab00000, 0x00000000eb180000, 0x0000000100000000)
  eden space 4608K, 0% used [0x00000000eab00000,0x00000000eab00000,0x00000000eaf80000)
  from space 512K, 78% used [0x00000000eaf80000,0x00000000eafe50e0,0x00000000eb000000)
  to   space 512K, 0% used [0x00000000eb100000,0x00000000eb100000,0x00000000eb180000)
 ParOldGen       total 152576K, used 130114K [0x00000000c0000000, 0x00000000c9500000, 0x00000000eab00000)
  object space 152576K, 85% used [0x00000000c0000000,0x00000000c7f109b0,0x00000000c9500000)
 Metaspace       used 99698K, committed 101504K, reserved 1179648K
  class space    used 10057K, committed 10816K, reserved 1048576K
}
Event: 9583.659 GC heap before
{Heap before GC invocations=2625 (full 59):
 PSYoungGen      total 5120K, used 5012K [0x00000000eab00000, 0x00000000eb180000, 0x0000000100000000)
  eden space 4608K, 100% used [0x00000000eab00000,0x00000000eaf80000,0x00000000eaf80000)
  from space 512K, 78% used [0x00000000eaf80000,0x00000000eafe50e0,0x00000000eb000000)
  to   space 512K, 0% used [0x00000000eb100000,0x00000000eb100000,0x00000000eb180000)
 ParOldGen       total 152576K, used 130114K [0x00000000c0000000, 0x00000000c9500000, 0x00000000eab00000)
  object space 152576K, 85% used [0x00000000c0000000,0x00000000c7f109b0,0x00000000c9500000)
 Metaspace       used 99698K, committed 101504K, reserved 1179648K
  class space    used 10057K, committed 10816K, reserved 1048576K
}
Event: 9583.668 GC heap after
{Heap after GC invocations=2625 (full 59):
 PSYoungGen      total 5632K, used 512K [0x00000000eab00000, 0x00000000eb280000, 0x0000000100000000)
  eden space 5120K, 0% used [0x00000000eab00000,0x00000000eab00000,0x00000000eb000000)
  from space 512K, 100% used [0x00000000eb100000,0x00000000eb180000,0x00000000eb180000)
  to   space 1024K, 0% used [0x00000000eb000000,0x00000000eb000000,0x00000000eb100000)
 ParOldGen       total 152576K, used 130475K [0x00000000c0000000, 0x00000000c9500000, 0x00000000eab00000)
  object space 152576K, 85% used [0x00000000c0000000,0x00000000c7f6af98,0x00000000c9500000)
 Metaspace       used 99698K, committed 101504K, reserved 1179648K
  class space    used 10057K, committed 10816K, reserved 1048576K
}
Event: 9583.928 GC heap before
{Heap before GC invocations=2626 (full 59):
 PSYoungGen      total 5632K, used 5632K [0x00000000eab00000, 0x00000000eb280000, 0x0000000100000000)
  eden space 5120K, 100% used [0x00000000eab00000,0x00000000eb000000,0x00000000eb000000)
  from space 512K, 100% used [0x00000000eb100000,0x00000000eb180000,0x00000000eb180000)
  to   space 1024K, 0% used [0x00000000eb000000,0x00000000eb000000,0x00000000eb100000)
 ParOldGen       total 152576K, used 130475K [0x00000000c0000000, 0x00000000c9500000, 0x00000000eab00000)
  object space 152576K, 85% used [0x00000000c0000000,0x00000000c7f6af98,0x00000000c9500000)
 Metaspace       used 99703K, committed 101504K, reserved 1179648K
  class space    used 10057K, committed 10816K, reserved 1048576K
}
Event: 9583.943 GC heap after
{Heap after GC invocations=2626 (full 59):
 PSYoungGen      total 6144K, used 596K [0x00000000eab00000, 0x00000000eb300000, 0x0000000100000000)
  eden space 5120K, 0% used [0x00000000eab00000,0x00000000eab00000,0x00000000eb000000)
  from space 1024K, 58% used [0x00000000eb000000,0x00000000eb095200,0x00000000eb100000)
  to   space 1024K, 0% used [0x00000000eb200000,0x00000000eb200000,0x00000000eb300000)
 ParOldGen       total 152576K, used 130995K [0x00000000c0000000, 0x00000000c9500000, 0x00000000eab00000)
  object space 152576K, 85% used [0x00000000c0000000,0x00000000c7fecf98,0x00000000c9500000)
 Metaspace       used 99703K, committed 101504K, reserved 1179648K
  class space    used 10057K, committed 10816K, reserved 1048576K
}
Event: 9587.079 GC heap before
{Heap before GC invocations=2627 (full 59):
 PSYoungGen      total 6144K, used 5716K [0x00000000eab00000, 0x00000000eb300000, 0x0000000100000000)
  eden space 5120K, 100% used [0x00000000eab00000,0x00000000eb000000,0x00000000eb000000)
  from space 1024K, 58% used [0x00000000eb000000,0x00000000eb095200,0x00000000eb100000)
  to   space 1024K, 0% used [0x00000000eb200000,0x00000000eb200000,0x00000000eb300000)
 ParOldGen       total 152576K, used 130995K [0x00000000c0000000, 0x00000000c9500000, 0x00000000eab00000)
  object space 152576K, 85% used [0x00000000c0000000,0x00000000c7fecf98,0x00000000c9500000)
 Metaspace       used 99727K, committed 101504K, reserved 1179648K
  class space    used 10057K, committed 10816K, reserved 1048576K
}
Event: 9587.087 GC heap after
{Heap after GC invocations=2627 (full 59):
 PSYoungGen      total 5632K, used 306K [0x00000000eab00000, 0x00000000eb280000, 0x0000000100000000)
  eden space 5120K, 0% used [0x00000000eab00000,0x00000000eab00000,0x00000000eb000000)
  from space 512K, 59% used [0x00000000eb200000,0x00000000eb24cad0,0x00000000eb280000)
  to   space 512K, 0% used [0x00000000eb180000,0x00000000eb180000,0x00000000eb200000)
 ParOldGen       total 152576K, used 131227K [0x00000000c0000000, 0x00000000c9500000, 0x00000000eab00000)
  object space 152576K, 86% used [0x00000000c0000000,0x00000000c8026f98,0x00000000c9500000)
 Metaspace       used 99727K, committed 101504K, reserved 1179648K
  class space    used 10057K, committed 10816K, reserved 1048576K
}
Event: 9587.315 GC heap before
{Heap before GC invocations=2628 (full 59):
 PSYoungGen      total 5632K, used 5426K [0x00000000eab00000, 0x00000000eb280000, 0x0000000100000000)
  eden space 5120K, 100% used [0x00000000eab00000,0x00000000eb000000,0x00000000eb000000)
  from space 512K, 59% used [0x00000000eb200000,0x00000000eb24cad0,0x00000000eb280000)
  to   space 512K, 0% used [0x00000000eb180000,0x00000000eb180000,0x00000000eb200000)
 ParOldGen       total 152576K, used 131227K [0x00000000c0000000, 0x00000000c9500000, 0x00000000eab00000)
  object space 152576K, 86% used [0x00000000c0000000,0x00000000c8026f98,0x00000000c9500000)
 Metaspace       used 99736K, committed 101504K, reserved 1179648K
  class space    used 10057K, committed 10816K, reserved 1048576K
}
Event: 9587.319 GC heap after
{Heap after GC invocations=2628 (full 59):
 PSYoungGen      total 5632K, used 508K [0x00000000eab00000, 0x00000000eb300000, 0x0000000100000000)
  eden space 5120K, 0% used [0x00000000eab00000,0x00000000eab00000,0x00000000eb000000)
  from space 512K, 99% used [0x00000000eb180000,0x00000000eb1ff2b0,0x00000000eb200000)
  to   space 1024K, 0% used [0x00000000eb200000,0x00000000eb200000,0x00000000eb300000)
 ParOldGen       total 152576K, used 132034K [0x00000000c0000000, 0x00000000c9500000, 0x00000000eab00000)
  object space 152576K, 86% used [0x00000000c0000000,0x00000000c80f0828,0x00000000c9500000)
 Metaspace       used 99736K, committed 101504K, reserved 1179648K
  class space    used 10057K, committed 10816K, reserved 1048576K
}
Event: 9588.204 GC heap before
{Heap before GC invocations=2629 (full 59):
 PSYoungGen      total 5632K, used 5628K [0x00000000eab00000, 0x00000000eb300000, 0x0000000100000000)
  eden space 5120K, 100% used [0x00000000eab00000,0x00000000eb000000,0x00000000eb000000)
  from space 512K, 99% used [0x00000000eb180000,0x00000000eb1ff2b0,0x00000000eb200000)
  to   space 1024K, 0% used [0x00000000eb200000,0x00000000eb200000,0x00000000eb300000)
 ParOldGen       total 152576K, used 132034K [0x00000000c0000000, 0x00000000c9500000, 0x00000000eab00000)
  object space 152576K, 86% used [0x00000000c0000000,0x00000000c80f0828,0x00000000c9500000)
 Metaspace       used 99740K, committed 101504K, reserved 1179648K
  class space    used 10058K, committed 10816K, reserved 1048576K
}
Event: 9588.223 GC heap after
{Heap after GC invocations=2629 (full 59):
 PSYoungGen      total 6144K, used 1019K [0x00000000eab00000, 0x00000000eb300000, 0x0000000100000000)
  eden space 5120K, 0% used [0x00000000eab00000,0x00000000eab00000,0x00000000eb000000)
  from space 1024K, 99% used [0x00000000eb200000,0x00000000eb2fefc8,0x00000000eb300000)
  to   space 512K, 0% used [0x00000000eb180000,0x00000000eb180000,0x00000000eb200000)
 ParOldGen       total 152576K, used 133213K [0x00000000c0000000, 0x00000000c9500000, 0x00000000eab00000)
  object space 152576K, 87% used [0x00000000c0000000,0x00000000c82175e0,0x00000000c9500000)
 Metaspace       used 99740K, committed 101504K, reserved 1179648K
  class space    used 10058K, committed 10816K, reserved 1048576K
}

